<?xml version="1.0" encoding="UTF-8"?>
<!-- Generated by org.testng.reporters.JUnitXMLReporter -->
<testsuite ignored="0" hostname="DESKTOP-IPSR5N9" failures="0" tests="7" name="Default test" time="0.068" errors="0" timestamp="2021-09-28T23:55:52 IST">
  <testcase classname="TestCalci" name="emptyStringReturnsZeroSum" time="0.008"/>
  <testcase classname="TestCalci" name="ignoreNumbersGreaterthan1000Sum" time="0.001"/>
  <testcase classname="TestCalci" name="supportDifferentDelimiterSum" time="0.002"/>
  <testcase classname="TestCalci" name="threeNumbersDelimiterSum" time="0.001"/>
  <testcase classname="TestCalci" name="twoNumbersBothWaysSum" time="0.001"/>
  <testcase classname="TestCalci" name="twoNumbersCommaDelimitedSum" time="0.001"/>
  <testcase classname="TestCalci" name="twoNumbersNewLineDelimitedSum" time="0.002"/>
</testsuite> <!-- Default test -->
